<?xml version="1.0" encoding="UTF-8"?>
<!-- Generated by org.testng.reporters.JUnitReportReporter -->
<testsuite hostname="Siva" failures="0" tests="5" name="TestCases.TC_003_LoginDDT" time="36.815" errors="0" timestamp="2024-04-29T15:16:23 IST" skipped="0">
  <testcase classname="TestCases.TC_003_LoginDDT" name="verify_LoginDDT" time="10.848"/>
  <system-out/>
  <testcase classname="TestCases.TC_003_LoginDDT" name="verify_LoginDDT" time="11.062"/>
  <system-out/>
  <testcase classname="TestCases.TC_003_LoginDDT" name="verify_LoginDDT" time="11.114"/>
  <system-out/>
  <testcase classname="TestCases.TC_003_LoginDDT" name="verify_LoginDDT" time="1.724"/>
  <system-out/>
  <testcase classname="TestCases.TC_003_LoginDDT" name="verify_LoginDDT" time="2.067"/>
  <system-out/>
</testsuite> <!-- TestCases.TC_003_LoginDDT -->
