<?xml version="1.0" encoding="UTF-8"?>
<!-- Generated by org.testng.reporters.JUnitReportReporter -->
<testsuite hostname="Siva" failures="0" tests="1" name="TestCases.TC_002_LoginTest" time="2.048" errors="0" timestamp="2024-04-29T23:22:53 IST" skipped="0">
  <testcase classname="TestCases.TC_002_LoginTest" name="verify_Login" time="2.048"/>
  <system-out/>
</testsuite> <!-- TestCases.TC_002_LoginTest -->
