<?xml version="1.0" encoding="UTF-8"?>
<!-- Generated by org.testng.reporters.JUnitReportReporter -->
<testsuite hostname="Siva" failures="0" tests="5" name="TestCases.TC_003_LoginDDT" time="38.068" errors="0" timestamp="2024-05-01T21:18:56 IST" skipped="0">
  <testcase classname="TestCases.TC_003_LoginDDT" name="verify_LoginDDT" time="11.544"/>
  <testcase classname="TestCases.TC_003_LoginDDT" name="verify_LoginDDT" time="2.001"/>
  <testcase classname="TestCases.TC_003_LoginDDT" name="verify_LoginDDT" time="11.164"/>
  <testcase classname="TestCases.TC_003_LoginDDT" name="verify_LoginDDT" time="2.079"/>
  <testcase classname="TestCases.TC_003_LoginDDT" name="verify_LoginDDT" time="11.280"/>
</testsuite> <!-- TestCases.TC_003_LoginDDT -->
