<?xml version="1.0" encoding="UTF-8"?>
<!-- Generated by org.testng.reporters.JUnitReportReporter -->
<testsuite hostname="Siva" failures="0" tests="1" name="TestCases.TC_001_AccountRegistrationTest" time="4.650" errors="0" timestamp="2024-05-01T22:38:12 IST" skipped="0">
  <testcase classname="TestCases.TC_001_AccountRegistrationTest" name="verify_account_registration" time="4.650"/>
</testsuite> <!-- TestCases.TC_001_AccountRegistrationTest -->
